#
# There is insufficient memory for the Java Runtime Environment to continue.
# Native memory allocation (malloc) failed to allocate 1048576 bytes for AllocateHeap
# Possible reasons:
#   The system is out of physical RAM or swap space
#   The process is running with CompressedOops enabled, and the Java Heap may be blocking the growth of the native heap
# Possible solutions:
#   Reduce memory load on the system
#   Increase physical memory or swap space
#   Check if swap backing store is full
#   Decrease Java heap size (-Xmx/-Xms)
#   Decrease number of Java threads
#   Decrease Java thread stack sizes (-Xss)
#   Set larger code cache with -XX:ReservedCodeCacheSize=
#   JVM is running with Unscaled Compressed Oops mode in which the Java heap is
#     placed in the first 4GB address space. The Java Heap base address is the
#     maximum limit for the native heap growth. Please use -XX:HeapBaseMinAddress
#     to set the Java Heap base and to place the Java Heap above 4GB virtual address.
# This output file may be truncated or incomplete.
#
#  Out of Memory Error (allocation.cpp:44), pid=8952, tid=18300
#
# JRE version: OpenJDK Runtime Environment Temurin-17.0.8.1+1 (17.0.8.1+1) (build 17.0.8.1+1)
# Java VM: OpenJDK 64-Bit Server VM Temurin-17.0.8.1+1 (17.0.8.1+1, mixed mode, emulated-client, tiered, compressed oops, compressed class ptrs, g1 gc, windows-amd64)
# No core dump will be written. Minidumps are not enabled by default on client versions of Windows
#

---------------  S U M M A R Y ------------

Command Line: -XX:+HeapDumpOnOutOfMemoryError -Xmx1024m -Dsts.lsp.client=vscode -Dsts.log.file=/dev/null -XX:TieredStopAtLevel=1 -Xlog:jni+resolve=off -Dspring.config.location=file:c:\Users\Cristi\.vscode\extensions\vmware.vscode-spring-boot-1.49.0\language-server\BOOT-INF\classes\application.properties org.springframework.ide.vscode.boot.app.BootLanguageServerBootApp

Host: Intel(R) Core(TM) i5-2520M CPU @ 2.50GHz, 4 cores, 11G,  Windows 10 , 64 bit Build 19041 (10.0.19041.3393)
Time: Sun Oct  8 10:29:04 2023 GTB Daylight Time elapsed time: 277.035808 seconds (0d 0h 4m 37s)

---------------  T H R E A D  ---------------

Current thread (0x0000019190cfe620):  VMThread "VM Thread" [stack: 0x0000002059000000,0x0000002059100000] [id=18300]

Stack: [0x0000002059000000,0x0000002059100000]
Native frames: (J=compiled Java code, j=interpreted, Vv=VM code, C=native code)
V  [jvm.dll+0x678b0a]
V  [jvm.dll+0x835e84]
V  [jvm.dll+0x83762e]
V  [jvm.dll+0x837c93]
V  [jvm.dll+0x24746f]
V  [jvm.dll+0xa697b]
V  [jvm.dll+0x2f7eb3]
V  [jvm.dll+0x2f3b80]
V  [jvm.dll+0x2dc1c7]
V  [jvm.dll+0x31f227]
V  [jvm.dll+0x83c15b]
V  [jvm.dll+0x83ce94]
V  [jvm.dll+0x83d3ac]
V  [jvm.dll+0x83d784]
V  [jvm.dll+0x83d850]
V  [jvm.dll+0x7e64ca]
V  [jvm.dll+0x677955]
C  [ucrtbase.dll+0x21bb2]
C  [KERNEL32.DLL+0x17344]
C  [ntdll.dll+0x526b1]

VM_Operation (0x00000020589ff160): G1CollectFull, mode: safepoint, requested by thread 0x00000191964fe030


---------------  P R O C E S S  ---------------

Threads class SMR info:
_java_thread_list=0x00000191966b26b0, length=16, elements={
0x0000019190d14740, 0x0000019190d154d0, 0x000001919501a130, 0x000001919501db80,
0x000001919501e450, 0x0000019190d3a820, 0x0000019190d3b0f0, 0x0000019190d3ba00,
0x0000019195224550, 0x000001919522a0e0, 0x0000019196035010, 0x00000191964fe030,
0x00000191961ccfd0, 0x00000191847f5ca0, 0x0000019196194fd0, 0x0000019195b2b550
}

Java Threads: ( => current thread )
  0x0000019190d14740 JavaThread "Reference Handler" daemon [_thread_blocked, id=3088, stack(0x0000002059100000,0x0000002059200000)]
  0x0000019190d154d0 JavaThread "Finalizer" daemon [_thread_blocked, id=9568, stack(0x0000002059200000,0x0000002059300000)]
  0x000001919501a130 JavaThread "Signal Dispatcher" daemon [_thread_blocked, id=9408, stack(0x0000002059300000,0x0000002059400000)]
  0x000001919501db80 JavaThread "Attach Listener" daemon [_thread_blocked, id=19560, stack(0x0000002059400000,0x0000002059500000)]
  0x000001919501e450 JavaThread "Service Thread" daemon [_thread_blocked, id=15068, stack(0x0000002059500000,0x0000002059600000)]
  0x0000019190d3a820 JavaThread "Monitor Deflation Thread" daemon [_thread_blocked, id=19688, stack(0x0000002059600000,0x0000002059700000)]
  0x0000019190d3b0f0 JavaThread "C1 CompilerThread0" daemon [_thread_blocked, id=18844, stack(0x0000002059700000,0x0000002059800000)]
  0x0000019190d3ba00 JavaThread "Sweeper thread" daemon [_thread_blocked, id=16996, stack(0x0000002059800000,0x0000002059900000)]
  0x0000019195224550 JavaThread "Notification Thread" daemon [_thread_blocked, id=11520, stack(0x0000002059900000,0x0000002059a00000)]
  0x000001919522a0e0 JavaThread "Common-Cleaner" daemon [_thread_blocked, id=11056, stack(0x0000002059b00000,0x0000002059c00000)]
  0x0000019196035010 JavaThread "boundedElastic-evictor-1" daemon [_thread_blocked, id=19404, stack(0x0000002058800000,0x0000002058900000)]
  0x00000191964fe030 JavaThread "pool-11-thread-1" [_thread_blocked, id=19972, stack(0x0000002058900000,0x0000002058a00000)]
  0x00000191961ccfd0 JavaThread "LanguageServerApp-lifecycle" [_thread_blocked, id=17528, stack(0x000000205a000000,0x000000205a100000)]
  0x00000191847f5ca0 JavaThread "DestroyJavaVM" [_thread_blocked, id=13324, stack(0x0000002058a00000,0x0000002058b00000)]
  0x0000019196194fd0 JavaThread "pool-12-thread-1" [_thread_in_native, id=17640, stack(0x000000205a100000,0x000000205a200000)]
  0x0000019195b2b550 JavaThread "Simple-Language-Server main thread" daemon [_thread_blocked, id=10612, stack(0x000000205a200000,0x000000205a300000)]

Other Threads:
=>0x0000019190cfe620 VMThread "VM Thread" [stack: 0x0000002059000000,0x0000002059100000] [id=18300]
  0x0000019195224a30 WatcherThread [stack: 0x0000002059a00000,0x0000002059b00000] [id=19368]
  0x0000019184831de0 GCTaskThread "GC Thread#0" [stack: 0x0000002058b00000,0x0000002058c00000] [id=11864]
  0x0000019195175720 GCTaskThread "GC Thread#1" [stack: 0x0000002059c00000,0x0000002059d00000] [id=952]
  0x00000191951759e0 GCTaskThread "GC Thread#2" [stack: 0x0000002059d00000,0x0000002059e00000] [id=13132]
  0x0000019195175ca0 GCTaskThread "GC Thread#3" [stack: 0x0000002059e00000,0x0000002059f00000] [id=10524]
  0x000001918483ab40 ConcurrentGCThread "G1 Main Marker" [stack: 0x0000002058c00000,0x0000002058d00000] [id=13916]
  0x000001918483b460 ConcurrentGCThread "G1 Conc#0" [stack: 0x0000002058d00000,0x0000002058e00000] [id=4920]
  0x00000191848a9450 ConcurrentGCThread "G1 Refine#0" [stack: 0x0000002058e00000,0x0000002058f00000] [id=16968]
  0x0000019190b720c0 ConcurrentGCThread "G1 Service" [stack: 0x0000002058f00000,0x0000002059000000] [id=1248]

Threads with active compile tasks:

VM state: at safepoint (normal execution)

VM Mutex/Monitor currently owned by a thread:  ([mutex/lock_event])
[0x00000191846ec4e0] Threads_lock - owner thread: 0x0000019190cfe620
[0x00000191847f18a0] Heap_lock - owner thread: 0x00000191964fe030

Heap address: 0x00000000c0000000, size: 1024 MB, Compressed Oops mode: 32-bit

CDS archive(s) not mapped
Compressed class space mapped at: 0x0000000100000000-0x0000000140000000, reserved size: 1073741824
Narrow klass base: 0x0000000000000000, Narrow klass shift: 3, Narrow klass range: 0x140000000

GC Precious Log:
 CPUs: 4 total, 4 available
 Memory: 12171M
 Large Page Support: Disabled
 NUMA Support: Disabled
 Compressed Oops: Enabled (32-bit)
 Heap Region Size: 1M
 Heap Min Capacity: 8M
 Heap Initial Capacity: 192M
 Heap Max Capacity: 1G
 Pre-touch: Disabled
 Parallel Workers: 4
 Concurrent Workers: 1
 Concurrent Refinement Workers: 4
 Periodic GC: Disabled

Heap:
 garbage-first heap   total 55296K, used 17279K [0x00000000c0000000, 0x0000000100000000)
  region size 1024K, 1 young (1024K), 0 survivors (0K)
 Metaspace       used 37216K, committed 37632K, reserved 1114112K
  class space    used 4850K, committed 5056K, reserved 1048576K

Heap Regions: E=young(eden), S=young(survivor), O=old, HS=humongous(starts), HC=humongous(continues), CS=collection set, F=free, OA=open archive, CA=closed archive, TAMS=top-at-mark-start (previous, next)
|   0|0x00000000c0000000, 0x00000000c0100000, 0x00000000c0100000|100%| O|  |TAMS 0x00000000c0100000, 0x00000000c0000000| Untracked 
|   1|0x00000000c0100000, 0x00000000c0200000, 0x00000000c0200000|100%| O|  |TAMS 0x00000000c0200000, 0x00000000c0100000| Untracked 
|   2|0x00000000c0200000, 0x00000000c0300000, 0x00000000c0300000|100%| O|  |TAMS 0x00000000c0300000, 0x00000000c0200000| Untracked 
|   3|0x00000000c0300000, 0x00000000c0400000, 0x00000000c0400000|100%| O|  |TAMS 0x00000000c0400000, 0x00000000c0300000| Untracked 
|   4|0x00000000c0400000, 0x00000000c04fffe8, 0x00000000c0500000| 99%| O|  |TAMS 0x00000000c04fffe8, 0x00000000c0400000| Untracked 
|   5|0x00000000c0500000, 0x00000000c0600000, 0x00000000c0600000|100%| O|  |TAMS 0x00000000c0600000, 0x00000000c0500000| Untracked 
|   6|0x00000000c0600000, 0x00000000c0700000, 0x00000000c0700000|100%| O|  |TAMS 0x00000000c0700000, 0x00000000c0600000| Untracked 
|   7|0x00000000c0700000, 0x00000000c07fffe0, 0x00000000c0800000| 99%| O|  |TAMS 0x00000000c07fffe0, 0x00000000c0700000| Untracked 
|   8|0x00000000c0800000, 0x00000000c08ffff8, 0x00000000c0900000| 99%| O|  |TAMS 0x00000000c08ffff8, 0x00000000c0800000| Untracked 
|   9|0x00000000c0900000, 0x00000000c09fffa8, 0x00000000c0a00000| 99%| O|  |TAMS 0x00000000c09fffa8, 0x00000000c0900000| Untracked 
|  10|0x00000000c0a00000, 0x00000000c0afffc8, 0x00000000c0b00000| 99%| O|  |TAMS 0x00000000c0afffc8, 0x00000000c0a00000| Untracked 
|  11|0x00000000c0b00000, 0x00000000c0c00000, 0x00000000c0c00000|100%| O|  |TAMS 0x00000000c0c00000, 0x00000000c0b00000| Untracked 
|  12|0x00000000c0c00000, 0x00000000c0cffff8, 0x00000000c0d00000| 99%| O|  |TAMS 0x00000000c0cffff8, 0x00000000c0c00000| Untracked 
|  13|0x00000000c0d00000, 0x00000000c0dfffd8, 0x00000000c0e00000| 99%| O|  |TAMS 0x00000000c0dfffd8, 0x00000000c0d00000| Untracked 
|  14|0x00000000c0e00000, 0x00000000c0f00000, 0x00000000c0f00000|100%| O|  |TAMS 0x00000000c0f00000, 0x00000000c0e00000| Untracked 
|  15|0x00000000c0f00000, 0x00000000c0ffffd8, 0x00000000c1000000| 99%| O|  |TAMS 0x00000000c0ffffd8, 0x00000000c0f00000| Untracked 
|  16|0x00000000c1000000, 0x00000000c10ddb58, 0x00000000c1100000| 86%| O|  |TAMS 0x00000000c1000000, 0x00000000c1000000| Untracked 
|  17|0x00000000c1100000, 0x00000000c1102298, 0x00000000c1200000|  0%| O|  |TAMS 0x00000000c1100000, 0x00000000c1100000| Untracked 
|  18|0x00000000c1200000, 0x00000000c1200000, 0x00000000c1300000|  0%| F|  |TAMS 0x00000000c1200000, 0x00000000c1200000| Untracked 
|  19|0x00000000c1300000, 0x00000000c1300000, 0x00000000c1400000|  0%| F|  |TAMS 0x00000000c1300000, 0x00000000c1300000| Untracked 
|  20|0x00000000c1400000, 0x00000000c1400000, 0x00000000c1500000|  0%| F|  |TAMS 0x00000000c1400000, 0x00000000c1400000| Untracked 
|  21|0x00000000c1500000, 0x00000000c1500000, 0x00000000c1600000|  0%| F|  |TAMS 0x00000000c1500000, 0x00000000c1500000| Untracked 
|  22|0x00000000c1600000, 0x00000000c1600000, 0x00000000c1700000|  0%| F|  |TAMS 0x00000000c1600000, 0x00000000c1600000| Untracked 
|  23|0x00000000c1700000, 0x00000000c1700000, 0x00000000c1800000|  0%| F|  |TAMS 0x00000000c1700000, 0x00000000c1700000| Untracked 
|  24|0x00000000c1800000, 0x00000000c1800000, 0x00000000c1900000|  0%| F|  |TAMS 0x00000000c1800000, 0x00000000c1800000| Untracked 
|  25|0x00000000c1900000, 0x00000000c1900000, 0x00000000c1a00000|  0%| F|  |TAMS 0x00000000c1900000, 0x00000000c1900000| Untracked 
|  26|0x00000000c1a00000, 0x00000000c1a00000, 0x00000000c1b00000|  0%| F|  |TAMS 0x00000000c1a00000, 0x00000000c1a00000| Untracked 
|  27|0x00000000c1b00000, 0x00000000c1b00000, 0x00000000c1c00000|  0%| F|  |TAMS 0x00000000c1b00000, 0x00000000c1b00000| Untracked 
|  28|0x00000000c1c00000, 0x00000000c1c00000, 0x00000000c1d00000|  0%| F|  |TAMS 0x00000000c1c00000, 0x00000000c1c00000| Untracked 
|  29|0x00000000c1d00000, 0x00000000c1d00000, 0x00000000c1e00000|  0%| F|  |TAMS 0x00000000c1d00000, 0x00000000c1d00000| Untracked 
|  30|0x00000000c1e00000, 0x00000000c1e00000, 0x00000000c1f00000|  0%| F|  |TAMS 0x00000000c1e00000, 0x00000000c1e00000| Untracked 
|  31|0x00000000c1f00000, 0x00000000c1f00000, 0x00000000c2000000|  0%| F|  |TAMS 0x00000000c1f00000, 0x00000000c1f00000| Untracked 
|  32|0x00000000c2000000, 0x00000000c2000000, 0x00000000c2100000|  0%| F|  |TAMS 0x00000000c2000000, 0x00000000c2000000| Untracked 
|  33|0x00000000c2100000, 0x00000000c2100000, 0x00000000c2200000|  0%| F|  |TAMS 0x00000000c2100000, 0x00000000c2100000| Untracked 
|  34|0x00000000c2200000, 0x00000000c2200000, 0x00000000c2300000|  0%| F|  |TAMS 0x00000000c2200000, 0x00000000c2200000| Untracked 
|  35|0x00000000c2300000, 0x00000000c2300000, 0x00000000c2400000|  0%| F|  |TAMS 0x00000000c2300000, 0x00000000c2300000| Untracked 
|  36|0x00000000c2400000, 0x00000000c2400000, 0x00000000c2500000|  0%| F|  |TAMS 0x00000000c2400000, 0x00000000c2400000| Untracked 
|  37|0x00000000c2500000, 0x00000000c2500000, 0x00000000c2600000|  0%| F|  |TAMS 0x00000000c2500000, 0x00000000c2500000| Untracked 
|  38|0x00000000c2600000, 0x00000000c2600000, 0x00000000c2700000|  0%| F|  |TAMS 0x00000000c2600000, 0x00000000c2600000| Untracked 
|  39|0x00000000c2700000, 0x00000000c2700000, 0x00000000c2800000|  0%| F|  |TAMS 0x00000000c2700000, 0x00000000c2700000| Untracked 
|  40|0x00000000c2800000, 0x00000000c2800000, 0x00000000c2900000|  0%| F|  |TAMS 0x00000000c2800000, 0x00000000c2800000| Untracked 
|  41|0x00000000c2900000, 0x00000000c2900000, 0x00000000c2a00000|  0%| F|  |TAMS 0x00000000c2900000, 0x00000000c2900000| Untracked 
|  42|0x00000000c2a00000, 0x00000000c2a00000, 0x00000000c2b00000|  0%| F|  |TAMS 0x00000000c2a00000, 0x00000000c2a00000| Untracked 
|  43|0x00000000c2b00000, 0x00000000c2b00000, 0x00000000c2c00000|  0%| F|  |TAMS 0x00000000c2b00000, 0x00000000c2b00000| Untracked 
|  44|0x00000000c2c00000, 0x00000000c2c00000, 0x00000000c2d00000|  0%| F|  |TAMS 0x00000000c2c00000, 0x00000000c2c00000| Untracked 
|  45|0x00000000c2d00000, 0x00000000c2d00000, 0x00000000c2e00000|  0%| F|  |TAMS 0x00000000c2d00000, 0x00000000c2d00000| Untracked 
|  46|0x00000000c2e00000, 0x00000000c2e00000, 0x00000000c2f00000|  0%| F|  |TAMS 0x00000000c2e00000, 0x00000000c2e00000| Untracked 
| 154|0x00000000c9a00000, 0x00000000c9a00000, 0x00000000c9b00000|  0%| F|  |TAMS 0x00000000c9a00000, 0x00000000c9a00000| Untracked 
| 155|0x00000000c9b00000, 0x00000000c9b00000, 0x00000000c9c00000|  0%| F|  |TAMS 0x00000000c9b00000, 0x00000000c9b00000| Untracked 
| 156|0x00000000c9c00000, 0x00000000c9c00000, 0x00000000c9d00000|  0%| F|  |TAMS 0x00000000c9c00000, 0x00000000c9c00000| Untracked 
| 157|0x00000000c9d00000, 0x00000000c9d00000, 0x00000000c9e00000|  0%| F|  |TAMS 0x00000000c9d00000, 0x00000000c9d00000| Untracked 
| 158|0x00000000c9e00000, 0x00000000c9e00000, 0x00000000c9f00000|  0%| F|  |TAMS 0x00000000c9e00000, 0x00000000c9e00000| Untracked 
| 159|0x00000000c9f00000, 0x00000000c9f00000, 0x00000000ca000000|  0%| F|  |TAMS 0x00000000c9f00000, 0x00000000c9f00000| Untracked 
| 191|0x00000000cbf00000, 0x00000000cbf20650, 0x00000000cc000000| 12%| E|  |TAMS 0x00000000cbf00000, 0x00000000cbf00000| Complete 

Card table byte_map: [0x000001918c2d0000,0x000001918c4d0000] _byte_map_base: 0x000001918bcd0000

Marking Bits (Prev, Next): (CMBitMap*) 0x0000019184832210, (CMBitMap*) 0x0000019184832250
 Prev Bits: [0x000001918c6d0000, 0x000001918d6d0000)
 Next Bits: [0x000001918d6d0000, 0x000001918e6d0000)

Polling page: 0x00000191846a0000

Metaspace:

Usage:
  Non-class:     31.61 MB used.
      Class:      4.74 MB used.
       Both:     36.34 MB used.

Virtual space:
  Non-class space:       64.00 MB reserved,      31.81 MB ( 50%) committed,  1 nodes.
      Class space:        1.00 GB reserved,       4.94 MB ( <1%) committed,  1 nodes.
             Both:        1.06 GB reserved,      36.75 MB (  3%) committed. 

Chunk freelists:
   Non-Class:  15.52 MB
       Class:  11.03 MB
        Both:  26.55 MB

MaxMetaspaceSize: unlimited
CompressedClassSpaceSize: 1.00 GB
Initial GC threshold: 21.00 MB
Current GC threshold: 61.25 MB
CDS: off
MetaspaceReclaimPolicy: balanced
 - commit_granule_bytes: 65536.
 - commit_granule_words: 8192.
 - virtual_space_node_default_size: 8388608.
 - enlarge_chunks_in_place: 1.
 - new_chunks_are_fully_committed: 0.
 - uncommit_free_chunks: 1.
 - use_allocation_guard: 0.
 - handle_deallocations: 1.


Internal statistics:

num_allocs_failed_limit: 6.
num_arena_births: 454.
num_arena_deaths: 120.
num_vsnodes_births: 2.
num_vsnodes_deaths: 0.
num_space_committed: 588.
num_space_uncommitted: 0.
num_chunks_returned_to_freelist: 140.
num_chunks_taken_from_freelist: 1575.
num_chunk_merges: 41.
num_chunk_splits: 1062.
num_chunks_enlarged: 808.
num_inconsistent_stats: 0.

CodeCache: size=49152Kb used=6556Kb max_used=6968Kb free=42596Kb
 bounds [0x0000019188c30000, 0x0000019189300000, 0x000001918bc30000]
 total_blobs=4039 nmethods=3502 adapters=464
 compilation: enabled
              stopped_count=0, restarted_count=0
 full_count=0

Compilation events (20 events):
Event: 84.134 Thread 0x0000019190d3b0f0 3493       1       com.google.gson.stream.JsonWriter::string (169 bytes)
Event: 84.135 Thread 0x0000019190d3b0f0 nmethod 3493 0x0000019189243490 code [0x00000191892436a0, 0x0000019189243b88]
Event: 84.136 Thread 0x0000019190d3b0f0 3494       1       java.lang.reflect.Field::get (29 bytes)
Event: 84.136 Thread 0x0000019190d3b0f0 nmethod 3494 0x0000019189242f90 code [0x0000019189243160, 0x0000019189243358]
Event: 84.136 Thread 0x0000019190d3b0f0 3495       1       com.google.gson.stream.JsonWriter::name (46 bytes)
Event: 84.137 Thread 0x0000019190d3b0f0 nmethod 3495 0x0000019189242990 code [0x0000019189242b60, 0x0000019189242e68]
Event: 84.137 Thread 0x0000019190d3b0f0 3496       1       java.lang.invoke.ClassSpecializer$SpeciesData::getterFunctions (5 bytes)
Event: 84.138 Thread 0x0000019190d3b0f0 nmethod 3496 0x0000019189242690 code [0x0000019189242820, 0x00000191892428f8]
Event: 84.143 Thread 0x0000019190d3b0f0 3497       1       java.time.zone.ZoneOffsetTransition::getOffsetBefore (5 bytes)
Event: 84.143 Thread 0x0000019190d3b0f0 nmethod 3497 0x0000019189242390 code [0x0000019189242520, 0x00000191892425f8]
Event: 84.238 Thread 0x0000019190d3b0f0 3498       1       com.google.gson.stream.JsonReader::nextName (116 bytes)
Event: 84.239 Thread 0x0000019190d3b0f0 nmethod 3498 0x0000019189241810 code [0x0000019189241a60, 0x0000019189242048]
Event: 120.211 Thread 0x0000019190d3b0f0 3499       1       java.lang.invoke.LambdaFormEditor$TransformKey::packedBytes (75 bytes)
Event: 120.212 Thread 0x0000019190d3b0f0 nmethod 3499 0x0000019189241310 code [0x00000191892414c0, 0x00000191892416b8]
Event: 120.212 Thread 0x0000019190d3b0f0 3500       1       java.lang.invoke.LambdaFormEditor$TransformKey::of (79 bytes)
Event: 120.213 Thread 0x0000019190d3b0f0 nmethod 3500 0x0000019189240c90 code [0x0000019189240e40, 0x0000019189241188]
Event: 121.009 Thread 0x0000019190d3b0f0 3503       1       java.util.logging.Logger::getName (5 bytes)
Event: 121.009 Thread 0x0000019190d3b0f0 nmethod 3503 0x0000019189240390 code [0x0000019189240520, 0x00000191892405f8]
Event: 268.061 Thread 0x0000019190d3b0f0 3504       1       java.util.ArrayList::<init> (63 bytes)
Event: 268.062 Thread 0x0000019190d3b0f0 nmethod 3504 0x000001918923fe10 code [0x000001918923ffe0, 0x00000191892402b8]

GC Heap History (20 events):
Event: 167.315 GC heap before
{Heap before GC invocations=15 (full 4):
 garbage-first heap   total 55296K, used 17279K [0x00000000c0000000, 0x0000000100000000)
  region size 1024K, 1 young (1024K), 0 survivors (0K)
 Metaspace       used 37216K, committed 37632K, reserved 1114112K
  class space    used 4850K, committed 5056K, reserved 1048576K
}
Event: 167.350 GC heap after
{Heap after GC invocations=16 (full 5):
 garbage-first heap   total 55296K, used 17279K [0x00000000c0000000, 0x0000000100000000)
  region size 1024K, 0 young (0K), 0 survivors (0K)
 Metaspace       used 37216K, committed 37632K, reserved 1114112K
  class space    used 4850K, committed 5056K, reserved 1048576K
}
Event: 178.212 GC heap before
{Heap before GC invocations=16 (full 5):
 garbage-first heap   total 55296K, used 17279K [0x00000000c0000000, 0x0000000100000000)
  region size 1024K, 1 young (1024K), 0 survivors (0K)
 Metaspace       used 37216K, committed 37632K, reserved 1114112K
  class space    used 4850K, committed 5056K, reserved 1048576K
}
Event: 178.252 GC heap after
{Heap after GC invocations=17 (full 6):
 garbage-first heap   total 55296K, used 17279K [0x00000000c0000000, 0x0000000100000000)
  region size 1024K, 0 young (0K), 0 survivors (0K)
 Metaspace       used 37216K, committed 37632K, reserved 1114112K
  class space    used 4850K, committed 5056K, reserved 1048576K
}
Event: 189.588 GC heap before
{Heap before GC invocations=17 (full 6):
 garbage-first heap   total 55296K, used 17279K [0x00000000c0000000, 0x0000000100000000)
  region size 1024K, 1 young (1024K), 0 survivors (0K)
 Metaspace       used 37216K, committed 37632K, reserved 1114112K
  class space    used 4850K, committed 5056K, reserved 1048576K
}
Event: 189.624 GC heap after
{Heap after GC invocations=18 (full 7):
 garbage-first heap   total 55296K, used 17279K [0x00000000c0000000, 0x0000000100000000)
  region size 1024K, 0 young (0K), 0 survivors (0K)
 Metaspace       used 37216K, committed 37632K, reserved 1114112K
  class space    used 4850K, committed 5056K, reserved 1048576K
}
Event: 200.035 GC heap before
{Heap before GC invocations=18 (full 7):
 garbage-first heap   total 55296K, used 17279K [0x00000000c0000000, 0x0000000100000000)
  region size 1024K, 1 young (1024K), 0 survivors (0K)
 Metaspace       used 37216K, committed 37632K, reserved 1114112K
  class space    used 4850K, committed 5056K, reserved 1048576K
}
Event: 200.071 GC heap after
{Heap after GC invocations=19 (full 8):
 garbage-first heap   total 55296K, used 17279K [0x00000000c0000000, 0x0000000100000000)
  region size 1024K, 0 young (0K), 0 survivors (0K)
 Metaspace       used 37216K, committed 37632K, reserved 1114112K
  class space    used 4850K, committed 5056K, reserved 1048576K
}
Event: 212.166 GC heap before
{Heap before GC invocations=19 (full 8):
 garbage-first heap   total 55296K, used 17279K [0x00000000c0000000, 0x0000000100000000)
  region size 1024K, 1 young (1024K), 0 survivors (0K)
 Metaspace       used 37216K, committed 37632K, reserved 1114112K
  class space    used 4850K, committed 5056K, reserved 1048576K
}
Event: 212.205 GC heap after
{Heap after GC invocations=20 (full 9):
 garbage-first heap   total 55296K, used 17279K [0x00000000c0000000, 0x0000000100000000)
  region size 1024K, 0 young (0K), 0 survivors (0K)
 Metaspace       used 37216K, committed 37632K, reserved 1114112K
  class space    used 4850K, committed 5056K, reserved 1048576K
}
Event: 223.256 GC heap before
{Heap before GC invocations=20 (full 9):
 garbage-first heap   total 55296K, used 17279K [0x00000000c0000000, 0x0000000100000000)
  region size 1024K, 1 young (1024K), 0 survivors (0K)
 Metaspace       used 37216K, committed 37632K, reserved 1114112K
  class space    used 4850K, committed 5056K, reserved 1048576K
}
Event: 223.293 GC heap after
{Heap after GC invocations=21 (full 10):
 garbage-first heap   total 55296K, used 17279K [0x00000000c0000000, 0x0000000100000000)
  region size 1024K, 0 young (0K), 0 survivors (0K)
 Metaspace       used 37216K, committed 37632K, reserved 1114112K
  class space    used 4850K, committed 5056K, reserved 1048576K
}
Event: 233.959 GC heap before
{Heap before GC invocations=21 (full 10):
 garbage-first heap   total 55296K, used 17279K [0x00000000c0000000, 0x0000000100000000)
  region size 1024K, 1 young (1024K), 0 survivors (0K)
 Metaspace       used 37216K, committed 37632K, reserved 1114112K
  class space    used 4850K, committed 5056K, reserved 1048576K
}
Event: 233.997 GC heap after
{Heap after GC invocations=22 (full 11):
 garbage-first heap   total 55296K, used 17279K [0x00000000c0000000, 0x0000000100000000)
  region size 1024K, 0 young (0K), 0 survivors (0K)
 Metaspace       used 37216K, committed 37632K, reserved 1114112K
  class space    used 4850K, committed 5056K, reserved 1048576K
}
Event: 245.486 GC heap before
{Heap before GC invocations=22 (full 11):
 garbage-first heap   total 55296K, used 17279K [0x00000000c0000000, 0x0000000100000000)
  region size 1024K, 1 young (1024K), 0 survivors (0K)
 Metaspace       used 37216K, committed 37632K, reserved 1114112K
  class space    used 4850K, committed 5056K, reserved 1048576K
}
Event: 245.527 GC heap after
{Heap after GC invocations=23 (full 12):
 garbage-first heap   total 55296K, used 17279K [0x00000000c0000000, 0x0000000100000000)
  region size 1024K, 0 young (0K), 0 survivors (0K)
 Metaspace       used 37216K, committed 37632K, reserved 1114112K
  class space    used 4850K, committed 5056K, reserved 1048576K
}
Event: 256.225 GC heap before
{Heap before GC invocations=23 (full 12):
 garbage-first heap   total 55296K, used 17279K [0x00000000c0000000, 0x0000000100000000)
  region size 1024K, 1 young (1024K), 0 survivors (0K)
 Metaspace       used 37216K, committed 37632K, reserved 1114112K
  class space    used 4850K, committed 5056K, reserved 1048576K
}
Event: 256.260 GC heap after
{Heap after GC invocations=24 (full 13):
 garbage-first heap   total 55296K, used 17279K [0x00000000c0000000, 0x0000000100000000)
  region size 1024K, 0 young (0K), 0 survivors (0K)
 Metaspace       used 37216K, committed 37632K, reserved 1114112K
  class space    used 4850K, committed 5056K, reserved 1048576K
}
Event: 266.970 GC heap before
{Heap before GC invocations=24 (full 13):
 garbage-first heap   total 55296K, used 17279K [0x00000000c0000000, 0x0000000100000000)
  region size 1024K, 1 young (1024K), 0 survivors (0K)
 Metaspace       used 37216K, committed 37632K, reserved 1114112K
  class space    used 4850K, committed 5056K, reserved 1048576K
}
Event: 267.010 GC heap after
{Heap after GC invocations=25 (full 14):
 garbage-first heap   total 55296K, used 17279K [0x00000000c0000000, 0x0000000100000000)
  region size 1024K, 0 young (0K), 0 survivors (0K)
 Metaspace       used 37216K, committed 37632K, reserved 1114112K
  class space    used 4850K, committed 5056K, reserved 1048576K
}

Dll operation events (8 events):
Event: 0.015 Loaded shared library c:\Users\Cristi\.vscode\extensions\redhat.java-1.23.0-win32-x64\jre\17.0.8.1-win32-x86_64\bin\java.dll
Event: 1.526 Loaded shared library C:\Users\Cristi\.vscode\extensions\redhat.java-1.23.0-win32-x64\jre\17.0.8.1-win32-x86_64\bin\net.dll
Event: 1.638 Loaded shared library C:\Users\Cristi\.vscode\extensions\redhat.java-1.23.0-win32-x64\jre\17.0.8.1-win32-x86_64\bin\nio.dll
Event: 2.884 Loaded shared library C:\Users\Cristi\.vscode\extensions\redhat.java-1.23.0-win32-x64\jre\17.0.8.1-win32-x86_64\bin\zip.dll
Event: 36.820 Loaded shared library C:\Users\Cristi\.vscode\extensions\redhat.java-1.23.0-win32-x64\jre\17.0.8.1-win32-x86_64\bin\jimage.dll
Event: 65.877 Loaded shared library c:\Users\Cristi\.vscode\extensions\redhat.java-1.23.0-win32-x64\jre\17.0.8.1-win32-x86_64\bin\verify.dll
Event: 80.597 Loaded shared library C:\Users\Cristi\.vscode\extensions\redhat.java-1.23.0-win32-x64\jre\17.0.8.1-win32-x86_64\bin\management.dll
Event: 80.902 Loaded shared library C:\Users\Cristi\.vscode\extensions\redhat.java-1.23.0-win32-x64\jre\17.0.8.1-win32-x86_64\bin\management_ext.dll

Deoptimization events (4 events):
Event: 48.205 Thread 0x00000191847f5ca0 DEOPT PACKING pc=0x00000191891adf99 sp=0x0000002058afd110
Event: 48.205 Thread 0x00000191847f5ca0 DEOPT UNPACKING pc=0x0000019188c87143 sp=0x0000002058afc5f0 mode 3
Event: 84.131 Thread 0x0000019195b2b550 DEOPT PACKING pc=0x0000019189246e35 sp=0x000000205a2fd490
Event: 84.131 Thread 0x0000019195b2b550 DEOPT UNPACKING pc=0x0000019188c87143 sp=0x000000205a2fc9b8 mode 3

Classes unloaded (20 events):
Event: 132.085 Thread 0x0000019190cfe620 Unloading class 0x00000001003a1400 'java/lang/invoke/LambdaForm$MH+0x00000001003a1400'
Event: 132.085 Thread 0x0000019190cfe620 Unloading class 0x00000001003a1000 'java/lang/invoke/LambdaForm$MH+0x00000001003a1000'
Event: 132.085 Thread 0x0000019190cfe620 Unloading class 0x0000000100092000 'java/lang/invoke/LambdaForm$MH+0x0000000100092000'
Event: 132.085 Thread 0x0000019190cfe620 Unloading class 0x0000000100091c00 'java/lang/invoke/LambdaForm$MH+0x0000000100091c00'
Event: 132.085 Thread 0x0000019190cfe620 Unloading class 0x0000000100091800 'java/lang/invoke/LambdaForm$MH+0x0000000100091800'
Event: 132.085 Thread 0x0000019190cfe620 Unloading class 0x0000000100091400 'java/lang/invoke/LambdaForm$MH+0x0000000100091400'
Event: 132.085 Thread 0x0000019190cfe620 Unloading class 0x0000000100091000 'java/lang/invoke/LambdaForm$MH+0x0000000100091000'
Event: 132.085 Thread 0x0000019190cfe620 Unloading class 0x0000000100090c00 'java/lang/invoke/LambdaForm$MH+0x0000000100090c00'
Event: 132.085 Thread 0x0000019190cfe620 Unloading class 0x0000000100090800 'java/lang/invoke/LambdaForm$MH+0x0000000100090800'
Event: 132.085 Thread 0x0000019190cfe620 Unloading class 0x0000000100090400 'java/lang/invoke/LambdaForm$MH+0x0000000100090400'
Event: 132.085 Thread 0x0000019190cfe620 Unloading class 0x000000010008b800 'java/lang/invoke/LambdaForm$MH+0x000000010008b800'
Event: 132.085 Thread 0x0000019190cfe620 Unloading class 0x000000010008b400 'java/lang/invoke/LambdaForm$MH+0x000000010008b400'
Event: 132.085 Thread 0x0000019190cfe620 Unloading class 0x000000010008b000 'java/lang/invoke/LambdaForm$MH+0x000000010008b000'
Event: 132.085 Thread 0x0000019190cfe620 Unloading class 0x000000010008ac00 'java/lang/invoke/LambdaForm$MH+0x000000010008ac00'
Event: 132.085 Thread 0x0000019190cfe620 Unloading class 0x000000010008a800 'java/lang/invoke/LambdaForm$MH+0x000000010008a800'
Event: 132.085 Thread 0x0000019190cfe620 Unloading class 0x000000010008a400 'java/lang/invoke/LambdaForm$MH+0x000000010008a400'
Event: 132.085 Thread 0x0000019190cfe620 Unloading class 0x0000000100089c00 'java/lang/invoke/LambdaForm$MH+0x0000000100089c00'
Event: 132.085 Thread 0x0000019190cfe620 Unloading class 0x0000000100089400 'java/lang/invoke/LambdaForm$MH+0x0000000100089400'
Event: 132.085 Thread 0x0000019190cfe620 Unloading class 0x0000000100088c00 'java/lang/invoke/LambdaForm$MH+0x0000000100088c00'
Event: 132.085 Thread 0x0000019190cfe620 Unloading class 0x0000000100088400 'java/lang/invoke/LambdaForm$MH+0x0000000100088400'

Classes redefined (0 events):
No events

Internal exceptions (20 events):
Event: 61.808 Thread 0x00000191847f5ca0 Exception <a 'java/lang/NoSuchMethodError'{0x00000000c25b0698}: 'int java.lang.invoke.Invokers$Holder.linkToTargetMethod(java.lang.Object, java.lang.Object)'> (0x00000000c25b0698) 
thrown [s\src\hotspot\share\interpreter\linkResolver.cpp, line 759]
Event: 61.868 Thread 0x00000191847f5ca0 Exception <a 'java/lang/NoSuchMethodError'{0x00000000c2484100}: 'java.lang.Object java.lang.invoke.DirectMethodHandle$Holder.invokeSpecial(java.lang.Object, java.lang.Object, java.lang.Object, java.lang.Object, java.lang.Object, java.lang.Object, java.lang.Object, java.lang.Object, java.lang.Object, java.lang.Object)'> (0x00000000c2484100) 
thrown [s\src\hotspot\share\interpreter\linkResolver.cpp, line 759]
Event: 61.868 Thread 0x00000191847f5ca0 Exception <a 'java/lang/NoSuchMethodError'{0x00000000c24886e8}: 'java.lang.Object java.lang.invoke.Invokers$Holder.invoke_MT(java.lang.Object, java.lang.Object, java.lang.Object, java.lang.Object, java.lang.Object, java.lang.Object, java.lang.Object, java.lang.Object, java.lang.Object, java.lang.Object)'> (0x00000000c24886e8) 
thrown [s\src\hotspot\share\interpreter\linkResolver.cpp, line 759]
Event: 61.945 Thread 0x00000191847f5ca0 Exception <a 'java/lang/NoSuchMethodError'{0x00000000c24cce48}: 'java.lang.Object java.lang.invoke.DirectMethodHandle$Holder.invokeSpecial(java.lang.Object, java.lang.Object, int, java.lang.Object, java.lang.Object)'> (0x00000000c24cce48) 
thrown [s\src\hotspot\share\interpreter\linkResolver.cpp, line 759]
Event: 61.946 Thread 0x00000191847f5ca0 Exception <a 'java/lang/NoSuchMethodError'{0x00000000c24d0af0}: 'java.lang.Object java.lang.invoke.DelegatingMethodHandle$Holder.delegate(java.lang.Object, int, java.lang.Object, java.lang.Object)'> (0x00000000c24d0af0) 
thrown [s\src\hotspot\share\interpreter\linkResolver.cpp, line 759]
Event: 61.962 Thread 0x00000191847f5ca0 Exception <a 'java/lang/NoSuchMethodError'{0x00000000c24e1978}: 'int java.lang.invoke.Invokers$Holder.linkToTargetMethod(java.lang.Object, java.lang.Object, java.lang.Object)'> (0x00000000c24e1978) 
thrown [s\src\hotspot\share\interpreter\linkResolver.cpp, line 759]
Event: 62.284 Thread 0x00000191847f5ca0 Exception <a 'java/lang/NoSuchMethodError'{0x00000000c9f5f9f8}: 'void java.lang.invoke.DirectMethodHandle$Holder.invokeSpecial(java.lang.Object, java.lang.Object, java.lang.Object, java.lang.Object, java.lang.Object, java.lang.Object)'> (0x00000000c9f5f9f8) 
thrown [s\src\hotspot\share\interpreter\linkResolver.cpp, line 759]
Event: 62.445 Thread 0x00000191847f5ca0 Exception <a 'java/lang/NoSuchMethodError'{0x00000000c9d20820}: 'java.lang.Object java.lang.invoke.DirectMethodHandle$Holder.invokeStaticInit(java.lang.Object, int, int, int, int)'> (0x00000000c9d20820) 
thrown [s\src\hotspot\share\interpreter\linkResolver.cpp, line 759]
Event: 62.596 Thread 0x00000191847f5ca0 Exception <a 'java/lang/NoSuchMethodError'{0x00000000c9c0d560}: 'java.lang.Object java.lang.invoke.DirectMethodHandle$Holder.invokeStaticInit(java.lang.Object, java.lang.Object, int, int, int, int)'> (0x00000000c9c0d560) 
thrown [s\src\hotspot\share\interpreter\linkResolver.cpp, line 759]
Event: 63.343 Thread 0x00000191847f5ca0 Exception <a 'java/lang/NoSuchMethodError'{0x00000000c2a957f0}: 'void java.lang.invoke.DirectMethodHandle$Holder.invokeSpecialIFC(java.lang.Object, java.lang.Object, java.lang.Object)'> (0x00000000c2a957f0) 
thrown [s\src\hotspot\share\interpreter\linkResolver.cpp, line 759]
Event: 69.174 Thread 0x00000191847f5ca0 Exception <a 'java/lang/NoSuchMethodError'{0x00000000c2dc2b18}: 'void java.lang.invoke.DirectMethodHandle$Holder.invokeSpecial(java.lang.Object, java.lang.Object, java.lang.Object, java.lang.Object, java.lang.Object, java.lang.Object, java.lang.Object)'> (0x00000000c2dc2b18) 
thrown [s\src\hotspot\share\interpreter\linkResolver.cpp, line 759]
Event: 69.175 Thread 0x00000191847f5ca0 Exception <a 'java/lang/NoSuchMethodError'{0x00000000c2dcd338}: 'java.lang.Object java.lang.invoke.DirectMethodHandle$Holder.newInvokeSpecial(java.lang.Object, java.lang.Object, java.lang.Object, java.lang.Object, java.lang.Object, java.lang.Object)'> (0x00000000c2dcd338) 
thrown [s\src\hotspot\share\interpreter\linkResolver.cpp, line 759]
Event: 75.688 Thread 0x00000191847f5ca0 Exception <a 'java/lang/NoSuchMethodError'{0x00000000c29b35e0}: 'java.lang.Object java.lang.invoke.DirectMethodHandle$Holder.invokeInterface(java.lang.Object, java.lang.Object, int)'> (0x00000000c29b35e0) 
thrown [s\src\hotspot\share\interpreter\linkResolver.cpp, line 759]
Event: 75.695 Thread 0x00000191847f5ca0 Exception <a 'java/lang/IncompatibleClassChangeError'{0x00000000c29c6698}: Found class java.lang.Object, but interface was expected> (0x00000000c29c6698) 
thrown [s\src\hotspot\share\interpreter\linkResolver.cpp, line 826]
Event: 80.323 Thread 0x00000191847f5ca0 Exception <a 'java/lang/NoSuchMethodError'{0x00000000c2478de8}: 'java.lang.Object java.lang.invoke.DirectMethodHandle$Holder.newInvokeSpecial(java.lang.Object, java.lang.Object, int, java.lang.Object, java.lang.Object)'> (0x00000000c2478de8) 
thrown [s\src\hotspot\share\interpreter\linkResolver.cpp, line 759]
Event: 80.328 Thread 0x00000191847f5ca0 Exception <a 'java/lang/NoSuchMethodError'{0x00000000c248b138}: 'java.lang.Object java.lang.invoke.DirectMethodHandle$Holder.invokeSpecial(java.lang.Object, java.lang.Object, int, java.lang.Object, int, java.lang.Object)'> (0x00000000c248b138) 
thrown [s\src\hotspot\share\interpreter\linkResolver.cpp, line 759]
Event: 80.329 Thread 0x00000191847f5ca0 Exception <a 'java/lang/NoSuchMethodError'{0x00000000c2492f40}: 'java.lang.Object java.lang.invoke.DirectMethodHandle$Holder.newInvokeSpecial(java.lang.Object, java.lang.Object, int, java.lang.Object, int)'> (0x00000000c2492f40) 
thrown [s\src\hotspot\share\interpreter\linkResolver.cpp, line 759]
Event: 80.330 Thread 0x00000191847f5ca0 Exception <a 'java/lang/NoSuchMethodError'{0x00000000c2497040}: 'java.lang.Object java.lang.invoke.DirectMethodHandle$Holder.invokeSpecial(java.lang.Object, java.lang.Object, java.lang.Object, int, java.lang.Object, int)'> (0x00000000c2497040) 
thrown [s\src\hotspot\share\interpreter\linkResolver.cpp, line 759]
Event: 120.442 Thread 0x00000191964fe030 Exception <a 'java/lang/NoSuchMethodError'{0x00000000c2bef438}: 'void java.lang.invoke.DirectMethodHandle$Holder.invokeStatic(java.lang.Object, long)'> (0x00000000c2bef438) 
thrown [s\src\hotspot\share\interpreter\linkResolver.cpp, line 759]
Event: 120.443 Thread 0x00000191964fe030 Exception <a 'java/lang/NoSuchMethodError'{0x00000000c2bf47e0}: 'java.lang.Object java.lang.invoke.DirectMethodHandle$Holder.newInvokeSpecial(java.lang.Object, long)'> (0x00000000c2bf47e0) 
thrown [s\src\hotspot\share\interpreter\linkResolver.cpp, line 759]

VM Operations (20 events):
Event: 167.350 Executing VM operation: G1CollectFull done
Event: 178.212 Executing VM operation: G1CollectFull
Event: 178.252 Executing VM operation: G1CollectFull done
Event: 189.587 Executing VM operation: G1CollectFull
Event: 189.624 Executing VM operation: G1CollectFull done
Event: 200.035 Executing VM operation: G1CollectFull
Event: 200.072 Executing VM operation: G1CollectFull done
Event: 212.166 Executing VM operation: G1CollectFull
Event: 212.206 Executing VM operation: G1CollectFull done
Event: 223.255 Executing VM operation: G1CollectFull
Event: 223.293 Executing VM operation: G1CollectFull done
Event: 233.958 Executing VM operation: G1CollectFull
Event: 233.997 Executing VM operation: G1CollectFull done
Event: 245.486 Executing VM operation: G1CollectFull
Event: 245.527 Executing VM operation: G1CollectFull done
Event: 256.225 Executing VM operation: G1CollectFull
Event: 256.261 Executing VM operation: G1CollectFull done
Event: 266.970 Executing VM operation: G1CollectFull
Event: 267.010 Executing VM operation: G1CollectFull done
Event: 277.032 Executing VM operation: G1CollectFull

Events (20 events):
Event: 84.128 loading class java/util/stream/Streams$ConcatSpliterator$OfRef
Event: 84.129 loading class java/util/stream/Streams$ConcatSpliterator
Event: 84.129 loading class java/util/stream/Streams$ConcatSpliterator done
Event: 84.129 loading class java/util/stream/Streams$ConcatSpliterator$OfRef done
Event: 84.129 loading class java/util/stream/Streams$2
Event: 84.129 loading class java/util/stream/Streams$2 done
Event: 84.143 loading class java/util/concurrent/ForkJoinWorkerThread
Event: 84.143 loading class java/util/concurrent/ForkJoinWorkerThread done
Event: 120.212 loading class java/lang/ProcessBuilder
Event: 120.212 loading class java/lang/ProcessBuilder done
Event: 120.212 loading class java/lang/ProcessImpl
Event: 120.272 loading class java/lang/ProcessImpl done
Event: 120.443 loading class java/lang/ProcessImpl$2
Event: 120.444 loading class java/lang/ProcessImpl$2 done
Event: 120.444 loading class java/lang/Process$PipeInputStream
Event: 120.444 loading class java/lang/Process$PipeInputStream done
Event: 120.445 loading class jdk/internal/event/ProcessStartEvent
Event: 120.445 loading class jdk/internal/event/ProcessStartEvent done
Event: 121.009 loading class java/io/FileOutputStream$1
Event: 121.009 loading class java/io/FileOutputStream$1 done


Dynamic libraries:
0x00007ff6371f0000 - 0x00007ff6371fe000 	c:\Users\Cristi\.vscode\extensions\redhat.java-1.23.0-win32-x64\jre\17.0.8.1-win32-x86_64\bin\java.exe
0x00007ffc9a7b0000 - 0x00007ffc9a9a8000 	C:\Windows\SYSTEM32\ntdll.dll
0x00007ffc990a0000 - 0x00007ffc9915d000 	C:\Windows\System32\KERNEL32.DLL
0x00007ffc98200000 - 0x00007ffc984f6000 	C:\Windows\System32\KERNELBASE.dll
0x00007ffc98100000 - 0x00007ffc98200000 	C:\Windows\System32\ucrtbase.dll
0x00007ffc939e0000 - 0x00007ffc939f7000 	c:\Users\Cristi\.vscode\extensions\redhat.java-1.23.0-win32-x64\jre\17.0.8.1-win32-x86_64\bin\jli.dll
0x00007ffc9a5d0000 - 0x00007ffc9a76e000 	C:\Windows\System32\USER32.dll
0x00007ffc97ee0000 - 0x00007ffc97f02000 	C:\Windows\System32\win32u.dll
0x00007ffc98f20000 - 0x00007ffc98f4c000 	C:\Windows\System32\GDI32.dll
0x00007ffc97f10000 - 0x00007ffc9802a000 	C:\Windows\System32\gdi32full.dll
0x00007ffc98030000 - 0x00007ffc980cd000 	C:\Windows\System32\msvcp_win.dll
0x00007ffc8c210000 - 0x00007ffc8c229000 	c:\Users\Cristi\.vscode\extensions\redhat.java-1.23.0-win32-x64\jre\17.0.8.1-win32-x86_64\bin\VCRUNTIME140.dll
0x00007ffc89b30000 - 0x00007ffc89dca000 	C:\Windows\WinSxS\amd64_microsoft.windows.common-controls_6595b64144ccf1df_6.0.19041.1110_none_60b5254171f9507e\COMCTL32.dll
0x00007ffc99cc0000 - 0x00007ffc99d5e000 	C:\Windows\System32\msvcrt.dll
0x00007ffc98810000 - 0x00007ffc98840000 	C:\Windows\System32\IMM32.DLL
0x00007ffc93950000 - 0x00007ffc9395c000 	c:\Users\Cristi\.vscode\extensions\redhat.java-1.23.0-win32-x64\jre\17.0.8.1-win32-x86_64\bin\vcruntime140_1.dll
0x00007ffc71170000 - 0x00007ffc71201000 	c:\Users\Cristi\.vscode\extensions\redhat.java-1.23.0-win32-x64\jre\17.0.8.1-win32-x86_64\bin\msvcp140.dll
0x00007ffc57860000 - 0x00007ffc584ac000 	c:\Users\Cristi\.vscode\extensions\redhat.java-1.23.0-win32-x64\jre\17.0.8.1-win32-x86_64\bin\server\jvm.dll
0x00007ffc998b0000 - 0x00007ffc9995e000 	C:\Windows\System32\ADVAPI32.dll
0x00007ffc9a1d0000 - 0x00007ffc9a26c000 	C:\Windows\System32\sechost.dll
0x00007ffc98a20000 - 0x00007ffc98b46000 	C:\Windows\System32\RPCRT4.dll
0x00007ffc97400000 - 0x00007ffc9744b000 	C:\Windows\SYSTEM32\POWRPROF.dll
0x00007ffc83e10000 - 0x00007ffc83e19000 	C:\Windows\SYSTEM32\WSOCK32.dll
0x00007ffc99b70000 - 0x00007ffc99bdb000 	C:\Windows\System32\WS2_32.dll
0x00007ffc84760000 - 0x00007ffc84787000 	C:\Windows\SYSTEM32\WINMM.dll
0x00007ffc89f50000 - 0x00007ffc89f5a000 	C:\Windows\SYSTEM32\VERSION.dll
0x00007ffc97270000 - 0x00007ffc97282000 	C:\Windows\SYSTEM32\UMPDC.dll
0x00007ffc95ce0000 - 0x00007ffc95cf2000 	C:\Windows\SYSTEM32\kernel.appcore.dll
0x00007ffc93380000 - 0x00007ffc9338a000 	c:\Users\Cristi\.vscode\extensions\redhat.java-1.23.0-win32-x64\jre\17.0.8.1-win32-x86_64\bin\jimage.dll
0x00007ffc880d0000 - 0x00007ffc882b4000 	C:\Windows\SYSTEM32\DBGHELP.DLL
0x00007ffc87a20000 - 0x00007ffc87a54000 	C:\Windows\SYSTEM32\dbgcore.DLL
0x00007ffc98780000 - 0x00007ffc98802000 	C:\Windows\System32\bcryptPrimitives.dll
0x00007ffc865d0000 - 0x00007ffc865f5000 	c:\Users\Cristi\.vscode\extensions\redhat.java-1.23.0-win32-x64\jre\17.0.8.1-win32-x86_64\bin\java.dll
0x00007ffc871e0000 - 0x00007ffc871f8000 	c:\Users\Cristi\.vscode\extensions\redhat.java-1.23.0-win32-x64\jre\17.0.8.1-win32-x86_64\bin\zip.dll
0x00007ffc99160000 - 0x00007ffc998a5000 	C:\Windows\System32\SHELL32.dll
0x00007ffc95ee0000 - 0x00007ffc9667b000 	C:\Windows\SYSTEM32\windows.storage.dll
0x00007ffc9a270000 - 0x00007ffc9a5c4000 	C:\Windows\System32\combase.dll
0x00007ffc977f0000 - 0x00007ffc9781e000 	C:\Windows\SYSTEM32\Wldp.dll
0x00007ffc98900000 - 0x00007ffc989ad000 	C:\Windows\System32\SHCORE.dll
0x00007ffc988a0000 - 0x00007ffc988f5000 	C:\Windows\System32\shlwapi.dll
0x00007ffc97dc0000 - 0x00007ffc97de5000 	C:\Windows\SYSTEM32\profapi.dll
0x00007ffc85000000 - 0x00007ffc85019000 	C:\Users\Cristi\.vscode\extensions\redhat.java-1.23.0-win32-x64\jre\17.0.8.1-win32-x86_64\bin\net.dll
0x00007ffc8df90000 - 0x00007ffc8e09a000 	C:\Windows\SYSTEM32\WINHTTP.dll
0x00007ffc975d0000 - 0x00007ffc9763a000 	C:\Windows\system32\mswsock.dll
0x00007ffc842b0000 - 0x00007ffc842c5000 	C:\Users\Cristi\.vscode\extensions\redhat.java-1.23.0-win32-x64\jre\17.0.8.1-win32-x86_64\bin\nio.dll
0x00007ffc97830000 - 0x00007ffc97848000 	C:\Windows\SYSTEM32\CRYPTSP.dll
0x00007ffc96e90000 - 0x00007ffc96ec4000 	C:\Windows\system32\rsaenh.dll
0x00007ffc980d0000 - 0x00007ffc980f7000 	C:\Windows\System32\bcrypt.dll
0x00007ffc97d80000 - 0x00007ffc97dae000 	C:\Windows\SYSTEM32\USERENV.dll
0x00007ffc97760000 - 0x00007ffc9776c000 	C:\Windows\SYSTEM32\CRYPTBASE.dll
0x00007ffc97290000 - 0x00007ffc972cb000 	C:\Windows\SYSTEM32\IPHLPAPI.DLL
0x00007ffc98a10000 - 0x00007ffc98a18000 	C:\Windows\System32\NSI.dll
0x00007ffc8f3e0000 - 0x00007ffc8f3f7000 	C:\Windows\SYSTEM32\dhcpcsvc6.DLL
0x00007ffc900a0000 - 0x00007ffc900bd000 	C:\Windows\SYSTEM32\dhcpcsvc.DLL
0x00007ffc972e0000 - 0x00007ffc973aa000 	C:\Windows\SYSTEM32\DNSAPI.dll
0x00007ffc8c390000 - 0x00007ffc8c3a0000 	c:\Users\Cristi\.vscode\extensions\redhat.java-1.23.0-win32-x64\jre\17.0.8.1-win32-x86_64\bin\verify.dll
0x00007ffc93970000 - 0x00007ffc93979000 	C:\Users\Cristi\.vscode\extensions\redhat.java-1.23.0-win32-x64\jre\17.0.8.1-win32-x86_64\bin\management.dll
0x00007ffc92d10000 - 0x00007ffc92d1b000 	C:\Users\Cristi\.vscode\extensions\redhat.java-1.23.0-win32-x64\jre\17.0.8.1-win32-x86_64\bin\management_ext.dll
0x00007ffc98c20000 - 0x00007ffc98c28000 	C:\Windows\System32\PSAPI.DLL

dbghelp: loaded successfully - version: 4.0.5 - missing functions: none
symbol engine: initialized successfully - sym options: 0x614 - pdb path: .;c:\Users\Cristi\.vscode\extensions\redhat.java-1.23.0-win32-x64\jre\17.0.8.1-win32-x86_64\bin;C:\Windows\SYSTEM32;C:\Windows\WinSxS\amd64_microsoft.windows.common-controls_6595b64144ccf1df_6.0.19041.1110_none_60b5254171f9507e;c:\Users\Cristi\.vscode\extensions\redhat.java-1.23.0-win32-x64\jre\17.0.8.1-win32-x86_64\bin\server

VM Arguments:
jvm_args: -XX:+HeapDumpOnOutOfMemoryError -Xmx1024m -Dsts.lsp.client=vscode -Dsts.log.file=/dev/null -XX:TieredStopAtLevel=1 -Xlog:jni+resolve=off -Dspring.config.location=file:c:\Users\Cristi\.vscode\extensions\vmware.vscode-spring-boot-1.49.0\language-server\BOOT-INF\classes\application.properties 
java_command: org.springframework.ide.vscode.boot.app.BootLanguageServerBootApp
java_class_path (initial): c:\Users\Cristi\.vscode\extensions\vmware.vscode-spring-boot-1.49.0\language-server\BOOT-INF\classes;c:\Users\Cristi\.vscode\extensions\vmware.vscode-spring-boot-1.49.0\language-server\BOOT-INF\lib\annotations-24.0.1.jar;c:\Users\Cristi\.vscode\extensions\vmware.vscode-spring-boot-1.49.0\language-server\BOOT-INF\lib\antlr-runtime-3.5.3.jar;c:\Users\Cristi\.vscode\extensions\vmware.vscode-spring-boot-1.49.0\language-server\BOOT-INF\lib\antlr4-4.11.1.jar;c:\Users\Cristi\.vscode\extensions\vmware.vscode-spring-boot-1.49.0\language-server\BOOT-INF\lib\antlr4-runtime-4.11.1.jar;c:\Users\Cristi\.vscode\extensions\vmware.vscode-spring-boot-1.49.0\language-server\BOOT-INF\lib\archunit-1.1.0.jar;c:\Users\Cristi\.vscode\extensions\vmware.vscode-spring-boot-1.49.0\language-server\BOOT-INF\lib\asm-9.5.jar;c:\Users\Cristi\.vscode\extensions\vmware.vscode-spring-boot-1.49.0\language-server\BOOT-INF\lib\asm-analysis-9.5.jar;c:\Users\Cristi\.vscode\extensions\vmware.vscode-spring-boot-1.49.0\language-server\BOOT-INF\lib\asm-tree-9.5.jar;c:\Users\Cristi\.vscode\extensions\vmware.vscode-spring-boot-1.49.0\language-server\BOOT-INF\lib\asm-util-9.5.jar;c:\Users\Cristi\.vscode\extensions\vmware.vscode-spring-boot-1.49.0\language-server\BOOT-INF\lib\bosh-language-server-1.49.0-SNAPSHOT.jar;c:\Users\Cristi\.vscode\extensions\vmware.vscode-spring-boot-1.49.0\language-server\BOOT-INF\lib\caffeine-3.1.6.jar;c:\Users\Cristi\.vscode\extensions\vmware.vscode-spring-boot-1.49.0\language-server\BOOT-INF\lib\checker-qual-3.12.0.jar;c:\Users\Cristi\.vscode\extensions\vmware.vscode-spring-boot-1.49.0\language-server\BOOT-INF\lib\classgraph-4.8.149.jar;c:\Users\Cristi\.vscode\extensions\vmware.vscode-spring-boot-1.49.0\language-server\BOOT-INF\lib\commons-codec-1.15.jar;c:\Users\Cristi\.vscode\extensions\vmware.vscode-spring-boot-1.49.0\language-server\BOOT-INF\lib\commons-compress-1.23.0.jar;c:\Users\Cristi\.vscode\extensions\vmware.vscode-spring-boot-1.49.0\language-ser
Launcher Type: SUN_STANDARD

[Global flags]
     intx CICompilerCount                          = 3                                         {product} {ergonomic}
     uint ConcGCThreads                            = 1                                         {product} {ergonomic}
     uint G1ConcRefinementThreads                  = 4                                         {product} {ergonomic}
   size_t G1HeapRegionSize                         = 1048576                                   {product} {ergonomic}
    uintx GCDrainStackTargetSize                   = 64                                        {product} {ergonomic}
     bool HeapDumpOnOutOfMemoryError               = true                                   {manageable} {command line}
   size_t InitialHeapSize                          = 201326592                                 {product} {ergonomic}
   size_t MarkStackSize                            = 4194304                                   {product} {ergonomic}
   size_t MaxHeapSize                              = 1073741824                                {product} {command line}
   size_t MaxNewSize                               = 643825664                                 {product} {ergonomic}
   size_t MinHeapDeltaBytes                        = 1048576                                   {product} {ergonomic}
   size_t MinHeapSize                              = 8388608                                   {product} {ergonomic}
    uintx NonProfiledCodeHeapSize                  = 0                                      {pd product} {ergonomic}
     bool ProfileInterpreter                       = false                                  {pd product} {command line}
    uintx ProfiledCodeHeapSize                     = 0                                      {pd product} {ergonomic}
   size_t SoftMaxHeapSize                          = 1073741824                             {manageable} {ergonomic}
     intx TieredStopAtLevel                        = 1                                         {product} {command line}
     bool UseCompressedClassPointers               = true                           {product lp64_product} {ergonomic}
     bool UseCompressedOops                        = true                           {product lp64_product} {ergonomic}
     bool UseG1GC                                  = true                                      {product} {ergonomic}
     bool UseLargePagesIndividualAllocation        = false                                  {pd product} {ergonomic}

Logging:
Log output configuration:
 #0: stdout all=warning,jni+resolve=off uptime,level,tags
 #1: stderr all=off uptime,level,tags

Environment Variables:
PATH=C:\Python311\Scripts\;C:\Python311\;C:\Program Files\Common Files\Oracle\Java\javapath;C:\Windows\system32;C:\Windows;C:\Windows\System32\Wbem;C:\Windows\System32\WindowsPowerShell\v1.0\;C:\Windows\System32\OpenSSH\;C:\Program Files\Git\cmd;C:\Program Files\Microsoft SQL Server\150\Tools\Binn\;C:\Program Files (x86)\Bitvise SSH Client;C:\Program Files\PuTTY\;C:\MinGW\msys\1.0\bin;C:\MinGW\bin;C:\Users\Cristi\Documents\php-8.2.3;C:\Program Files\nodejs\;C:\ProgramData\chocolatey\bin;;C:\Program Files (x86)\NVIDIA Corporation\PhysX\Common;C:\Users\Cristi\.cargo\bin;C:\Program Files\MySQL\MySQL Shell 8.0\bin\;C:\Users\Cristi\AppData\Local\Programs\Python\Python310\Scripts\;C:\Users\Cristi\AppData\Local\Programs\Python\Python310\;C:\Users\Cristi\AppData\Local\Microsoft\WindowsApps;C:\Users\Cristi\Documents\ytdlp si mpv;C:\Users\Cristi\AppData\Local\Programs\Python\Python310\lib\site-packages;C:\Program Files\JetBrains\PhpStorm 231.7515.16\bin;C:\Users\Cristi\AppData\Local\Programs\Microsoft VS Code\bin;B:\IntelliJ IDEA 231.7864.76\bin;C:\Users\Cristi\AppData\Roaming\npm;C:\Users\Cristi\Documents\ytdlp si mpv\mpv;B:\ngrok;C:\Users\Cristi\.detaspace\bin;C:\Users\Cristi\Documents\ytdlp si mpv\moviepy-master;
USERNAME=Cristi
OS=Windows_NT
PROCESSOR_IDENTIFIER=Intel64 Family 6 Model 42 Stepping 7, GenuineIntel
TMP=C:\Users\Cristi\AppData\Local\Temp
TEMP=C:\Users\Cristi\AppData\Local\Temp



---------------  S Y S T E M  ---------------

OS:
 Windows 10 , 64 bit Build 19041 (10.0.19041.3393)
OS uptime: 5 days 8:27 hours
Hyper-V role detected

CPU: total 4 (initial active 4) (2 cores per cpu, 2 threads per core) family 6 model 42 stepping 7 microcode 0x2f, cx8, cmov, fxsr, ht, mmx, sse, sse2, sse3, ssse3, sse4.1, sse4.2, popcnt, tsc, tscinvbit, avx, aes, clmul, vzeroupper, clflush, hv
Processor Information for all 4 processors :
  Max Mhz: 2501, Current Mhz: 2501, Mhz Limit: 2501

Memory: 4k page, system-wide physical 12171M (577M free)
TotalPageFile size 22453M (AvailPageFile size 45M)
current process WorkingSet (physical memory assigned to process): 143M, peak: 143M
current process commit charge ("private bytes"): 171M, peak: 290M

vm_info: OpenJDK 64-Bit Server VM (17.0.8.1+1) for windows-amd64 JRE (17.0.8.1+1), built on Aug 23 2023 15:29:17 by "admin" with MS VC++ 16.7 (VS2019)

END.
